2014/12/25 14:52:12 [warning] [application] Failed to set unsafe attribute "description" of "Project".
in D:\wamp\www\trackstar\protected\controllers\ProjectController.php (72)
in D:\wamp\www\trackstar\index.php (13)
2014/12/25 15:05:46 [error] [exception.CHttpException.403] exception 'CHttpException' with message 'You are not authorized to perform this action.' in D:\wamp\www\yii\framework\web\auth\CAccessControlFilter.php:182
Stack trace:
#0 D:\wamp\www\yii\framework\web\auth\CAccessControlFilter.php(145): CAccessControlFilter->accessDenied(Object(CWebUser), 'You are not aut...')
#1 D:\wamp\www\yii\framework\web\filters\CFilter.php(38): CAccessControlFilter->preFilter(Object(CFilterChain))
#2 D:\wamp\www\yii\framework\web\CController.php(1145): CFilter->filter(Object(CFilterChain))
#3 D:\wamp\www\yii\framework\web\filters\CInlineFilter.php(58): CController->filterAccessControl(Object(CFilterChain))
#4 D:\wamp\www\yii\framework\web\filters\CFilterChain.php(130): CInlineFilter->filter(Object(CFilterChain))
#5 D:\wamp\www\yii\framework\web\CController.php(291): CFilterChain->run()
#6 D:\wamp\www\yii\framework\web\CController.php(265): CController->runActionWithFilters(Object(CInlineAction), Array)
#7 D:\wamp\www\yii\framework\web\CWebApplication.php(282): CController->run('admin')
#8 D:\wamp\www\yii\framework\web\CWebApplication.php(141): CWebApplication->runController('project/admin')
#9 D:\wamp\www\yii\framework\base\CApplication.php(184): CWebApplication->processRequest()
#10 D:\wamp\www\trackstar\index.php(13): CApplication->run()
#11 {main}
REQUEST_URI=/trackstar/index.php?r=project/admin
HTTP_REFERER=http://localhost/trackstar/index.php?r=project/view&id=1
---
2014/12/25 21:06:50 [error] [system.db.CDbCommand] CDbCommand::fetchAll() failed: SQLSTATE[42S02]: Base table or view not found: 1146 La table 'trackstar.issue' n'existe pas. The SQL statement executed was: SHOW FULL COLUMNS FROM `issue`.
in D:\wamp\www\trackstar\index.php (13)
2014/12/25 21:55:44 [error] [exception.CException] exception 'CException' with message 'Issue and its behaviors do not have a method or closure named "getTypeOptions".' in D:\wamp\www\yii\framework\base\CComponent.php:266
Stack trace:
#0 D:\wamp\www\yii\framework\db\ar\CActiveRecord.php(227): CComponent->__call('getTypeOptions', Array)
#1 D:\wamp\www\trackstar\protected\views\issue\_form.php(42): CActiveRecord->__call('getTypeOptions', Array)
#2 D:\wamp\www\trackstar\protected\views\issue\_form.php(42): Issue->getTypeOptions()
#3 D:\wamp\www\yii\framework\web\CBaseController.php(126): require('D:\\wamp\\www\\tra...')
#4 D:\wamp\www\yii\framework\web\CBaseController.php(95): CBaseController->renderInternal('D:\\wamp\\www\\tra...', Array, true)
#5 D:\wamp\www\yii\framework\web\CController.php(869): CBaseController->renderFile('D:\\wamp\\www\\tra...', Array, true)
#6 D:\wamp\www\trackstar\protected\views\issue\create.php(18): CController->renderPartial('_form', Array)
#7 D:\wamp\www\yii\framework\web\CBaseController.php(126): require('D:\\wamp\\www\\tra...')
#8 D:\wamp\www\yii\framework\web\CBaseController.php(95): CBaseController->renderInternal('D:\\wamp\\www\\tra...', Array, true)
#9 D:\wamp\www\yii\framework\web\CController.php(869): CBaseController->renderFile('D:\\wamp\\www\\tra...', Array, true)
#10 D:\wamp\www\yii\framework\web\CController.php(782): CController->renderPartial('create', Array, true)
#11 D:\wamp\www\trackstar\protected\controllers\IssueController.php(79): CController->render('create', Array)
#12 D:\wamp\www\yii\framework\web\actions\CInlineAction.php(49): IssueController->actionCreate()
#13 D:\wamp\www\yii\framework\web\CController.php(308): CInlineAction->runWithParams(Array)
#14 D:\wamp\www\yii\framework\web\filters\CFilterChain.php(133): CController->runAction(Object(CInlineAction))
#15 D:\wamp\www\yii\framework\web\filters\CFilter.php(40): CFilterChain->run()
#16 D:\wamp\www\yii\framework\web\CController.php(1145): CFilter->filter(Object(CFilterChain))
#17 D:\wamp\www\yii\framework\web\filters\CInlineFilter.php(58): CController->filterAccessControl(Object(CFilterChain))
#18 D:\wamp\www\yii\framework\web\filters\CFilterChain.php(130): CInlineFilter->filter(Object(CFilterChain))
#19 D:\wamp\www\yii\framework\web\CController.php(291): CFilterChain->run()
#20 D:\wamp\www\yii\framework\web\CController.php(265): CController->runActionWithFilters(Object(CInlineAction), Array)
#21 D:\wamp\www\yii\framework\web\CWebApplication.php(282): CController->run('create')
#22 D:\wamp\www\yii\framework\web\CWebApplication.php(141): CWebApplication->runController('issue/create')
#23 D:\wamp\www\yii\framework\base\CApplication.php(184): CWebApplication->processRequest()
#24 D:\wamp\www\trackstar\index.php(13): CApplication->run()
#25 {main}
REQUEST_URI=/trackstar/index.php?r=issue/create
HTTP_REFERER=http://localhost/trackstar/index.php?r=issue/create
---
2014/12/25 22:53:32 [error] [exception.CHttpException.404] exception 'CHttpException' with message 'The requested project does not exist.' in D:\wamp\www\trackstar\protected\controllers\IssueController.php:18
Stack trace:
#0 D:\wamp\www\trackstar\protected\controllers\IssueController.php(209): IssueController->loadProject(NULL)
#1 D:\wamp\www\yii\framework\web\filters\CInlineFilter.php(58): IssueController->filterProjectContext(Object(CFilterChain))
#2 D:\wamp\www\yii\framework\web\filters\CFilterChain.php(130): CInlineFilter->filter(Object(CFilterChain))
#3 D:\wamp\www\yii\framework\web\filters\CFilter.php(40): CFilterChain->run()
#4 D:\wamp\www\yii\framework\web\CController.php(1145): CFilter->filter(Object(CFilterChain))
#5 D:\wamp\www\yii\framework\web\filters\CInlineFilter.php(58): CController->filterAccessControl(Object(CFilterChain))
#6 D:\wamp\www\yii\framework\web\filters\CFilterChain.php(130): CInlineFilter->filter(Object(CFilterChain))
#7 D:\wamp\www\yii\framework\web\CController.php(291): CFilterChain->run()
#8 D:\wamp\www\yii\framework\web\CController.php(265): CController->runActionWithFilters(Object(CInlineAction), Array)
#9 D:\wamp\www\yii\framework\web\CWebApplication.php(282): CController->run('create')
#10 D:\wamp\www\yii\framework\web\CWebApplication.php(141): CWebApplication->runController('issue/create')
#11 D:\wamp\www\yii\framework\base\CApplication.php(184): CWebApplication->processRequest()
#12 D:\wamp\www\trackstar\index.php(13): CApplication->run()
#13 {main}
REQUEST_URI=/trackstar/index.php?r=issue/create
HTTP_REFERER=http://localhost/trackstar/index.php?r=issue/create
---
2014/12/25 23:00:25 [error] [exception.CHttpException.404] exception 'CHttpException' with message 'The requested project does not exist.' in D:\wamp\www\trackstar\protected\controllers\IssueController.php:18
Stack trace:
#0 D:\wamp\www\trackstar\protected\controllers\IssueController.php(209): IssueController->loadProject(NULL)
#1 D:\wamp\www\yii\framework\web\filters\CInlineFilter.php(58): IssueController->filterProjectContext(Object(CFilterChain))
#2 D:\wamp\www\yii\framework\web\filters\CFilterChain.php(130): CInlineFilter->filter(Object(CFilterChain))
#3 D:\wamp\www\yii\framework\web\filters\CFilter.php(40): CFilterChain->run()
#4 D:\wamp\www\yii\framework\web\CController.php(1145): CFilter->filter(Object(CFilterChain))
#5 D:\wamp\www\yii\framework\web\filters\CInlineFilter.php(58): CController->filterAccessControl(Object(CFilterChain))
#6 D:\wamp\www\yii\framework\web\filters\CFilterChain.php(130): CInlineFilter->filter(Object(CFilterChain))
#7 D:\wamp\www\yii\framework\web\CController.php(291): CFilterChain->run()
#8 D:\wamp\www\yii\framework\web\CController.php(265): CController->runActionWithFilters(Object(CInlineAction), Array)
#9 D:\wamp\www\yii\framework\web\CWebApplication.php(282): CController->run('create')
#10 D:\wamp\www\yii\framework\web\CWebApplication.php(141): CWebApplication->runController('issue/create')
#11 D:\wamp\www\yii\framework\base\CApplication.php(184): CWebApplication->processRequest()
#12 D:\wamp\www\trackstar\index.php(13): CApplication->run()
#13 {main}
REQUEST_URI=/trackstar/index.php?r=issue/create
HTTP_REFERER=http://localhost/trackstar/index.php?r=issue/create
---
2014/12/25 23:00:27 [error] [exception.CHttpException.404] exception 'CHttpException' with message 'The requested project does not exist.' in D:\wamp\www\trackstar\protected\controllers\IssueController.php:18
Stack trace:
#0 D:\wamp\www\trackstar\protected\controllers\IssueController.php(209): IssueController->loadProject(NULL)
#1 D:\wamp\www\yii\framework\web\filters\CInlineFilter.php(58): IssueController->filterProjectContext(Object(CFilterChain))
#2 D:\wamp\www\yii\framework\web\filters\CFilterChain.php(130): CInlineFilter->filter(Object(CFilterChain))
#3 D:\wamp\www\yii\framework\web\filters\CFilter.php(40): CFilterChain->run()
#4 D:\wamp\www\yii\framework\web\CController.php(1145): CFilter->filter(Object(CFilterChain))
#5 D:\wamp\www\yii\framework\web\filters\CInlineFilter.php(58): CController->filterAccessControl(Object(CFilterChain))
#6 D:\wamp\www\yii\framework\web\filters\CFilterChain.php(130): CInlineFilter->filter(Object(CFilterChain))
#7 D:\wamp\www\yii\framework\web\CController.php(291): CFilterChain->run()
#8 D:\wamp\www\yii\framework\web\CController.php(265): CController->runActionWithFilters(Object(CInlineAction), Array)
#9 D:\wamp\www\yii\framework\web\CWebApplication.php(282): CController->run('create')
#10 D:\wamp\www\yii\framework\web\CWebApplication.php(141): CWebApplication->runController('issue/create')
#11 D:\wamp\www\yii\framework\base\CApplication.php(184): CWebApplication->processRequest()
#12 D:\wamp\www\trackstar\index.php(13): CApplication->run()
#13 {main}
REQUEST_URI=/trackstar/index.php?r=issue/create
HTTP_REFERER=http://localhost/trackstar/index.php?r=issue/create
---
2014/12/25 23:01:01 [error] [exception.CHttpException.404] exception 'CHttpException' with message 'The requested project does not exist.' in D:\wamp\www\trackstar\protected\controllers\IssueController.php:18
Stack trace:
#0 D:\wamp\www\trackstar\protected\controllers\IssueController.php(209): IssueController->loadProject(NULL)
#1 D:\wamp\www\yii\framework\web\filters\CInlineFilter.php(58): IssueController->filterProjectContext(Object(CFilterChain))
#2 D:\wamp\www\yii\framework\web\filters\CFilterChain.php(130): CInlineFilter->filter(Object(CFilterChain))
#3 D:\wamp\www\yii\framework\web\filters\CFilter.php(40): CFilterChain->run()
#4 D:\wamp\www\yii\framework\web\CController.php(1145): CFilter->filter(Object(CFilterChain))
#5 D:\wamp\www\yii\framework\web\filters\CInlineFilter.php(58): CController->filterAccessControl(Object(CFilterChain))
#6 D:\wamp\www\yii\framework\web\filters\CFilterChain.php(130): CInlineFilter->filter(Object(CFilterChain))
#7 D:\wamp\www\yii\framework\web\CController.php(291): CFilterChain->run()
#8 D:\wamp\www\yii\framework\web\CController.php(265): CController->runActionWithFilters(Object(CInlineAction), Array)
#9 D:\wamp\www\yii\framework\web\CWebApplication.php(282): CController->run('create')
#10 D:\wamp\www\yii\framework\web\CWebApplication.php(141): CWebApplication->runController('issue/create')
#11 D:\wamp\www\yii\framework\base\CApplication.php(184): CWebApplication->processRequest()
#12 D:\wamp\www\trackstar\index.php(13): CApplication->run()
#13 {main}
REQUEST_URI=/trackstar/index.php?r=issue/create
HTTP_REFERER=http://localhost/trackstar/index.php?r=issue
---
2014/12/25 23:02:57 [error] [exception.CHttpException.404] exception 'CHttpException' with message 'The requested project does not exist.' in D:\wamp\www\trackstar\protected\controllers\IssueController.php:18
Stack trace:
#0 D:\wamp\www\trackstar\protected\controllers\IssueController.php(209): IssueController->loadProject(NULL)
#1 D:\wamp\www\yii\framework\web\filters\CInlineFilter.php(58): IssueController->filterProjectContext(Object(CFilterChain))
#2 D:\wamp\www\yii\framework\web\filters\CFilterChain.php(130): CInlineFilter->filter(Object(CFilterChain))
#3 D:\wamp\www\yii\framework\web\filters\CFilter.php(40): CFilterChain->run()
#4 D:\wamp\www\yii\framework\web\CController.php(1145): CFilter->filter(Object(CFilterChain))
#5 D:\wamp\www\yii\framework\web\filters\CInlineFilter.php(58): CController->filterAccessControl(Object(CFilterChain))
#6 D:\wamp\www\yii\framework\web\filters\CFilterChain.php(130): CInlineFilter->filter(Object(CFilterChain))
#7 D:\wamp\www\yii\framework\web\CController.php(291): CFilterChain->run()
#8 D:\wamp\www\yii\framework\web\CController.php(265): CController->runActionWithFilters(Object(CInlineAction), Array)
#9 D:\wamp\www\yii\framework\web\CWebApplication.php(282): CController->run('create')
#10 D:\wamp\www\yii\framework\web\CWebApplication.php(141): CWebApplication->runController('issue/create')
#11 D:\wamp\www\yii\framework\base\CApplication.php(184): CWebApplication->processRequest()
#12 D:\wamp\www\trackstar\index.php(13): CApplication->run()
#13 {main}
REQUEST_URI=/trackstar/index.php?r=issue/create
HTTP_REFERER=http://localhost/trackstar/index.php?r=issue
---
2014/12/30 11:50:17 [error] [php] Undefined variable: model (D:\wamp\www\trackstar\protected\controllers\IssueController.php:99)
Stack trace:
#0 D:\wamp\www\yii\framework\web\filters\CFilterChain.php(133): IssueController->runAction()
#1 D:\wamp\www\trackstar\protected\controllers\IssueController.php(212): CFilterChain->run()
#2 D:\wamp\www\yii\framework\web\filters\CInlineFilter.php(58): IssueController->filterProjectContext()
#3 D:\wamp\www\yii\framework\web\filters\CFilterChain.php(130): CInlineFilter->filter()
#4 D:\wamp\www\yii\framework\web\filters\CFilter.php(40): CFilterChain->run()
#5 D:\wamp\www\yii\framework\web\CController.php(1145): CAccessControlFilter->filter()
#6 D:\wamp\www\yii\framework\web\filters\CInlineFilter.php(58): IssueController->filterAccessControl()
#7 D:\wamp\www\yii\framework\web\filters\CFilterChain.php(130): CInlineFilter->filter()
#8 D:\wamp\www\yii\framework\web\CController.php(291): CFilterChain->run()
#9 D:\wamp\www\yii\framework\web\CController.php(265): IssueController->runActionWithFilters()
#10 D:\wamp\www\yii\framework\web\CWebApplication.php(282): IssueController->run()
#11 D:\wamp\www\yii\framework\web\CWebApplication.php(141): CWebApplication->runController()
#12 D:\wamp\www\yii\framework\base\CApplication.php(184): CWebApplication->processRequest()
#13 D:\wamp\www\trackstar\index.php(13): CWebApplication->run()
REQUEST_URI=/trackstar/index.php?r=issue/create&pid=1
in D:\wamp\www\trackstar\protected\controllers\IssueController.php (99)
in D:\wamp\www\trackstar\protected\controllers\IssueController.php (212)
in D:\wamp\www\trackstar\index.php (13)
2014/12/30 11:51:50 [error] [exception.CException] exception 'CException' with message 'Property "Issue._project" is not defined.' in D:\wamp\www\yii\framework\base\CComponent.php:173
Stack trace:
#0 D:\wamp\www\yii\framework\db\ar\CActiveRecord.php(161): CComponent->__set('_project', '1')
#1 D:\wamp\www\trackstar\protected\controllers\IssueController.php(86): CActiveRecord->__set('_project', '1')
#2 D:\wamp\www\yii\framework\web\actions\CInlineAction.php(49): IssueController->actionCreate()
#3 D:\wamp\www\yii\framework\web\CController.php(308): CInlineAction->runWithParams(Array)
#4 D:\wamp\www\yii\framework\web\filters\CFilterChain.php(133): CController->runAction(Object(CInlineAction))
#5 D:\wamp\www\trackstar\protected\controllers\IssueController.php(212): CFilterChain->run()
#6 D:\wamp\www\yii\framework\web\filters\CInlineFilter.php(58): IssueController->filterProjectContext(Object(CFilterChain))
#7 D:\wamp\www\yii\framework\web\filters\CFilterChain.php(130): CInlineFilter->filter(Object(CFilterChain))
#8 D:\wamp\www\yii\framework\web\filters\CFilter.php(40): CFilterChain->run()
#9 D:\wamp\www\yii\framework\web\CController.php(1145): CFilter->filter(Object(CFilterChain))
#10 D:\wamp\www\yii\framework\web\filters\CInlineFilter.php(58): CController->filterAccessControl(Object(CFilterChain))
#11 D:\wamp\www\yii\framework\web\filters\CFilterChain.php(130): CInlineFilter->filter(Object(CFilterChain))
#12 D:\wamp\www\yii\framework\web\CController.php(291): CFilterChain->run()
#13 D:\wamp\www\yii\framework\web\CController.php(265): CController->runActionWithFilters(Object(CInlineAction), Array)
#14 D:\wamp\www\yii\framework\web\CWebApplication.php(282): CController->run('create')
#15 D:\wamp\www\yii\framework\web\CWebApplication.php(141): CWebApplication->runController('issue/create')
#16 D:\wamp\www\yii\framework\base\CApplication.php(184): CWebApplication->processRequest()
#17 D:\wamp\www\trackstar\index.php(13): CApplication->run()
#18 {main}
REQUEST_URI=/trackstar/index.php?r=issue/create&pid=1
---
2014/12/30 14:43:59 [error] [exception.CHttpException.403] exception 'CHttpException' with message 'You are not authorized to perform this action.' in D:\wamp\www\yii\framework\web\auth\CAccessControlFilter.php:182
Stack trace:
#0 D:\wamp\www\yii\framework\web\auth\CAccessControlFilter.php(145): CAccessControlFilter->accessDenied(Object(CWebUser), 'You are not aut...')
#1 D:\wamp\www\yii\framework\web\filters\CFilter.php(38): CAccessControlFilter->preFilter(Object(CFilterChain))
#2 D:\wamp\www\yii\framework\web\CController.php(1145): CFilter->filter(Object(CFilterChain))
#3 D:\wamp\www\yii\framework\web\filters\CInlineFilter.php(58): CController->filterAccessControl(Object(CFilterChain))
#4 D:\wamp\www\yii\framework\web\filters\CFilterChain.php(130): CInlineFilter->filter(Object(CFilterChain))
#5 D:\wamp\www\yii\framework\web\CController.php(291): CFilterChain->run()
#6 D:\wamp\www\yii\framework\web\CController.php(265): CController->runActionWithFilters(Object(CInlineAction), Array)
#7 D:\wamp\www\yii\framework\web\CWebApplication.php(282): CController->run('delete')
#8 D:\wamp\www\yii\framework\web\CWebApplication.php(141): CWebApplication->runController('issue/delete')
#9 D:\wamp\www\yii\framework\base\CApplication.php(184): CWebApplication->processRequest()
#10 D:\wamp\www\trackstar\index.php(13): CApplication->run()
#11 {main}
REQUEST_URI=/trackstar/index.php?r=issue/delete&id=1
HTTP_REFERER=http://localhost/trackstar/index.php?r=issue/view&id=1
---
2014/12/30 16:05:49 [error] [php] Undefined variable: issueDataProvider (D:\wamp\www\trackstar\protected\views\project\view.php:37)
Stack trace:
#0 D:\wamp\www\yii\framework\web\CController.php(869): ProjectController->renderFile()
#1 D:\wamp\www\yii\framework\web\CController.php(782): ProjectController->renderPartial()
#2 D:\wamp\www\trackstar\protected\controllers\ProjectController.php(56): ProjectController->render()
#3 unknown(0): ProjectController->actionView()
#4 D:\wamp\www\yii\framework\web\actions\CAction.php(109): ReflectionMethod->invokeArgs()
#5 D:\wamp\www\yii\framework\web\actions\CInlineAction.php(47): CInlineAction->runWithParamsInternal()
#6 D:\wamp\www\yii\framework\web\CController.php(308): CInlineAction->runWithParams()
#7 D:\wamp\www\yii\framework\web\filters\CFilterChain.php(133): ProjectController->runAction()
#8 D:\wamp\www\yii\framework\web\filters\CFilter.php(40): CFilterChain->run()
#9 D:\wamp\www\yii\framework\web\CController.php(1145): CAccessControlFilter->filter()
#10 D:\wamp\www\yii\framework\web\filters\CInlineFilter.php(58): ProjectController->filterAccessControl()
#11 D:\wamp\www\yii\framework\web\filters\CFilterChain.php(130): CInlineFilter->filter()
#12 D:\wamp\www\yii\framework\web\CController.php(291): CFilterChain->run()
#13 D:\wamp\www\yii\framework\web\CController.php(265): ProjectController->runActionWithFilters()
#14 D:\wamp\www\yii\framework\web\CWebApplication.php(282): ProjectController->run()
#15 D:\wamp\www\yii\framework\web\CWebApplication.php(141): CWebApplication->runController()
#16 D:\wamp\www\yii\framework\base\CApplication.php(184): CWebApplication->processRequest()
#17 D:\wamp\www\trackstar\index.php(13): CWebApplication->run()
REQUEST_URI=/trackstar/index.php?r=project/view&id=1
in D:\wamp\www\trackstar\protected\views\project\view.php (37)
in D:\wamp\www\trackstar\protected\controllers\ProjectController.php (56)
in D:\wamp\www\trackstar\index.php (13)
2014/12/30 16:06:01 [error] [php] Undefined variable: issueDataProvider (D:\wamp\www\trackstar\protected\views\project\view.php:37)
Stack trace:
#0 D:\wamp\www\yii\framework\web\CController.php(869): ProjectController->renderFile()
#1 D:\wamp\www\yii\framework\web\CController.php(782): ProjectController->renderPartial()
#2 D:\wamp\www\trackstar\protected\controllers\ProjectController.php(56): ProjectController->render()
#3 unknown(0): ProjectController->actionView()
#4 D:\wamp\www\yii\framework\web\actions\CAction.php(109): ReflectionMethod->invokeArgs()
#5 D:\wamp\www\yii\framework\web\actions\CInlineAction.php(47): CInlineAction->runWithParamsInternal()
#6 D:\wamp\www\yii\framework\web\CController.php(308): CInlineAction->runWithParams()
#7 D:\wamp\www\yii\framework\web\filters\CFilterChain.php(133): ProjectController->runAction()
#8 D:\wamp\www\yii\framework\web\filters\CFilter.php(40): CFilterChain->run()
#9 D:\wamp\www\yii\framework\web\CController.php(1145): CAccessControlFilter->filter()
#10 D:\wamp\www\yii\framework\web\filters\CInlineFilter.php(58): ProjectController->filterAccessControl()
#11 D:\wamp\www\yii\framework\web\filters\CFilterChain.php(130): CInlineFilter->filter()
#12 D:\wamp\www\yii\framework\web\CController.php(291): CFilterChain->run()
#13 D:\wamp\www\yii\framework\web\CController.php(265): ProjectController->runActionWithFilters()
#14 D:\wamp\www\yii\framework\web\CWebApplication.php(282): ProjectController->run()
#15 D:\wamp\www\yii\framework\web\CWebApplication.php(141): CWebApplication->runController()
#16 D:\wamp\www\yii\framework\base\CApplication.php(184): CWebApplication->processRequest()
#17 D:\wamp\www\trackstar\index.php(13): CWebApplication->run()
REQUEST_URI=/trackstar/index.php?r=project/view&id=1
in D:\wamp\www\trackstar\protected\views\project\view.php (37)
in D:\wamp\www\trackstar\protected\controllers\ProjectController.php (56)
in D:\wamp\www\trackstar\index.php (13)
2014/12/30 16:06:15 [error] [php] Undefined variable: issueDataProvider (D:\wamp\www\trackstar\protected\views\project\view.php:37)
Stack trace:
#0 D:\wamp\www\yii\framework\web\CController.php(869): ProjectController->renderFile()
#1 D:\wamp\www\yii\framework\web\CController.php(782): ProjectController->renderPartial()
#2 D:\wamp\www\trackstar\protected\controllers\ProjectController.php(56): ProjectController->render()
#3 unknown(0): ProjectController->actionView()
#4 D:\wamp\www\yii\framework\web\actions\CAction.php(109): ReflectionMethod->invokeArgs()
#5 D:\wamp\www\yii\framework\web\actions\CInlineAction.php(47): CInlineAction->runWithParamsInternal()
#6 D:\wamp\www\yii\framework\web\CController.php(308): CInlineAction->runWithParams()
#7 D:\wamp\www\yii\framework\web\filters\CFilterChain.php(133): ProjectController->runAction()
#8 D:\wamp\www\yii\framework\web\filters\CFilter.php(40): CFilterChain->run()
#9 D:\wamp\www\yii\framework\web\CController.php(1145): CAccessControlFilter->filter()
#10 D:\wamp\www\yii\framework\web\filters\CInlineFilter.php(58): ProjectController->filterAccessControl()
#11 D:\wamp\www\yii\framework\web\filters\CFilterChain.php(130): CInlineFilter->filter()
#12 D:\wamp\www\yii\framework\web\CController.php(291): CFilterChain->run()
#13 D:\wamp\www\yii\framework\web\CController.php(265): ProjectController->runActionWithFilters()
#14 D:\wamp\www\yii\framework\web\CWebApplication.php(282): ProjectController->run()
#15 D:\wamp\www\yii\framework\web\CWebApplication.php(141): CWebApplication->runController()
#16 D:\wamp\www\yii\framework\base\CApplication.php(184): CWebApplication->processRequest()
#17 D:\wamp\www\trackstar\index.php(13): CWebApplication->run()
REQUEST_URI=/trackstar/index.php?r=project/view&id=1
in D:\wamp\www\trackstar\protected\views\project\view.php (37)
in D:\wamp\www\trackstar\protected\controllers\ProjectController.php (56)
in D:\wamp\www\trackstar\index.php (13)
